0 info it worked if it ends with ok
1 verbose cli [ '/home/aleksandr/.nvm/versions/node/v8.5.0/bin/node',
1 verbose cli   '/home/aleksandr/Documents/Projects/classical-front/node_modules/.bin/npm',
1 verbose cli   'run',
1 verbose cli   'lint' ]
2 info using npm@3.10.10
3 info using node@v8.5.0
4 warn invalid config loglevel="notice"
5 verbose run-script [ 'prelint', 'lint', 'postlint' ]
6 info lifecycle classical-front@0.1.0~prelint: classical-front@0.1.0
7 silly lifecycle classical-front@0.1.0~prelint: no script for prelint, continuing
8 info lifecycle classical-front@0.1.0~lint: classical-front@0.1.0
9 verbose lifecycle classical-front@0.1.0~lint: unsafe-perm in lifecycle true
10 verbose lifecycle classical-front@0.1.0~lint: PATH: /home/aleksandr/Documents/Projects/classical-front/node_modules/npm/bin/node-gyp-bin:/home/aleksandr/Documents/Projects/classical-front/node_modules/.bin:/home/aleksandr/.nvm/versions/node/v8.5.0/lib/node_modules/npm/bin/node-gyp-bin:/home/aleksandr/Documents/Projects/classical-front/node_modules/.bin:/home/aleksandr/.nvm/versions/node/v8.5.0/bin:/usr/local/sbin:/usr/local/bin:/usr/sbin:/usr/bin:/sbin:/bin:/usr/games:/usr/local/games:/usr/bin/java:/usr/share/java:/usr/share/man/man1/java.1.gz:/snap/bin
11 verbose lifecycle classical-front@0.1.0~lint: CWD: /home/aleksandr/Documents/Projects/classical-front
12 silly lifecycle classical-front@0.1.0~lint: Args: [ '-c', 'standard "src/**/*.js"' ]
13 silly lifecycle classical-front@0.1.0~lint: Returned: code: 1  signal: null
14 info lifecycle classical-front@0.1.0~lint: Failed to exec lint script
15 verbose stack Error: classical-front@0.1.0 lint: `standard "src/**/*.js"`
15 verbose stack Exit status 1
15 verbose stack     at EventEmitter.<anonymous> (/home/aleksandr/Documents/Projects/classical-front/node_modules/npm/lib/utils/lifecycle.js:255:16)
15 verbose stack     at emitTwo (events.js:125:13)
15 verbose stack     at EventEmitter.emit (events.js:213:7)
15 verbose stack     at ChildProcess.<anonymous> (/home/aleksandr/Documents/Projects/classical-front/node_modules/npm/lib/utils/spawn.js:40:14)
15 verbose stack     at emitTwo (events.js:125:13)
15 verbose stack     at ChildProcess.emit (events.js:213:7)
15 verbose stack     at maybeClose (internal/child_process.js:927:16)
15 verbose stack     at Process.ChildProcess._handle.onexit (internal/child_process.js:211:5)
16 verbose pkgid classical-front@0.1.0
17 verbose cwd /home/aleksandr/Documents/Projects/classical-front
18 error Linux 4.4.0-98-generic
19 error argv "/home/aleksandr/.nvm/versions/node/v8.5.0/bin/node" "/home/aleksandr/Documents/Projects/classical-front/node_modules/.bin/npm" "run" "lint"
20 error node v8.5.0
21 error npm  v3.10.10
22 error code ELIFECYCLE
23 error classical-front@0.1.0 lint: `standard "src/**/*.js"`
23 error Exit status 1
24 error Failed at the classical-front@0.1.0 lint script 'standard "src/**/*.js"'.
24 error Make sure you have the latest version of node.js and npm installed.
24 error If you do, this is most likely a problem with the classical-front package,
24 error not with npm itself.
24 error Tell the author that this fails on your system:
24 error     standard "src/**/*.js"
24 error You can get information on how to open an issue for this project with:
24 error     npm bugs classical-front
24 error Or if that isn't available, you can get their info via:
24 error     npm owner ls classical-front
24 error There is likely additional logging output above.
25 verbose exit [ 1, true ]
